\BOOKMARK [1][-]{section.2}{\376\377\000A\000l\000a\000p\000o\000k}{}% 1
\BOOKMARK [2][-]{subsection.3}{\376\377\000T\000e\000r\000m\000i\000n\000\341\000l\000o\000k}{section.2}% 2
\BOOKMARK [2][-]{subsection.4}{\376\377\000A\000l\000a\000p\000p\000a\000r\000a\000n\000c\000s\000o\000k}{section.2}% 3
\BOOKMARK [2][-]{subsection.52}{\376\377\000b\000a\000s\000e\000n\000a\000m\000e\000,\000\040\000d\000i\000r\000n\000a\000m\000e}{section.2}% 4
\BOOKMARK [2][-]{subsection.58}{\376\377\000M\000i\000n\000t\000a\000i\000l\000l\000e\000s\000z\000t\000\351\000s}{section.2}% 5
\BOOKMARK [2][-]{subsection.80}{\376\377\000K\000e\000r\000e\000s\000\351\000s}{section.2}% 6
\BOOKMARK [2][-]{subsection.90}{\376\377\000\301\000l\000l\000o\000m\000\341\000n\000y\000n\000\351\000v\000-\000k\000i\000e\000g\000\351\000s\000z\000\355\000t\000\351\000s}{section.2}% 7
\BOOKMARK [1][-]{section.92}{\376\377\000J\000o\000g\000o\000s\000u\000l\000t\000s\000\341\000g\000o\000k\000,\000\040\000c\000s\000a\000t\000o\000r\000n\000\341\000k\000,\000\040\000s\000z\000\366\000v\000e\000g\000e\000s\000\040\000f\000\341\000j\000l\000o\000k\000,\000\040\000f\000e\000l\000h\000a\000s\000z\000n\000\341\000l\000\363\000k}{}% 8
\BOOKMARK [2][-]{subsection.93}{\376\377\000J\000o\000g\000o\000s\000u\000l\000t\000s\000\341\000g\000o\000k}{section.92}% 9
\BOOKMARK [2][-]{subsection.120}{\376\377\000S\000t\000a\000n\000d\000a\000r\000d\000\040\000c\000s\000a\000t\000o\000r\000n\000\341\000k\000\040\000\351\000s\000\040\000a\000z\000\040\000\341\000t\000i\000r\000\341\000n\000y\000\355\000t\000\341\000s}{section.92}% 10
\BOOKMARK [2][-]{subsection.121}{\376\377\000|\000,\000\040\000a\000\040\000c\000s\001\121\000v\000e\000z\000e\000t\000\351\000k}{section.92}% 11
\BOOKMARK [2][-]{subsection.122}{\376\377\000t\000e\000e}{section.92}% 12
\BOOKMARK [2][-]{subsection.168}{\376\377\000S\000z\000\366\000v\000e\000g\000\040\000k\000i\000\355\000r\000\341\000s\000a\000,\000\040\000s\000z\000\366\000v\000e\000g\000e\000s\000\040\000f\000\341\000j\000l\000o\000k\000\040\000k\000e\000z\000e\000l\000\351\000s\000e}{section.92}% 13
\BOOKMARK [2][-]{subsection.196}{\376\377\000F\000e\000l\000h\000a\000s\000z\000n\000\341\000l\000\363\000k\000k\000a\000l\000\040\000k\000a\000p\000c\000s\000o\000l\000a\000t\000o\000s\000\040\000p\000a\000r\000a\000n\000c\000s\000o\000k}{section.92}% 14
\BOOKMARK [1][-]{section.211}{\376\377\000L\000i\000n\000k\000e\000l\000\351\000s\000,\000\040\000a\000r\000c\000h\000i\000v\000\341\000l\000\341\000s\000,\000\040\000c\000s\000e\000r\000e}{}% 15
\BOOKMARK [2][-]{subsection.212}{\376\377\000L\000i\000n\000k\000e\000l\000\351\000s}{section.211}% 16
\BOOKMARK [2][-]{subsection.229}{\376\377\000A\000r\000c\000h\000i\000v\000\341\000l\000\341\000s\000,\000\040\000t\000\366\000m\000\366\000r\000\355\000t\000\351\000s}{section.211}% 17
\BOOKMARK [2][-]{subsection.242}{\376\377\000F\000\341\000j\000l\000o\000k\000\040\000\366\000s\000s\000z\000e\000h\000a\000s\000o\000n\000l\000\355\000t\000\341\000s\000a}{section.211}% 18
\BOOKMARK [2][-]{subsection.256}{\376\377\000C\000s\000e\000r\000e}{section.211}% 19
\BOOKMARK [1][-]{section.270}{\376\377\000B\000A\000S\000H}{}% 20
\BOOKMARK [2][-]{subsection.271}{\376\377\000A\000l\000a\000p\000o\000k}{section.270}% 21
\BOOKMARK [2][-]{subsection.321}{\376\377\000A\000\040\000k\000\366\000r\000n\000y\000e\000z\000e\000t\000i\000\040\000v\000\341\000l\000t\000o\000z\000\363\000k}{section.270}% 22
\BOOKMARK [2][-]{subsection.342}{\376\377\000P\000a\000r\000a\000n\000c\000s\000s\000o\000r\000i\000\040\000p\000a\000r\000a\000m\000\351\000t\000e\000r\000e\000k}{section.270}% 23
\BOOKMARK [2][-]{subsection.344}{\376\377\000M\000a\000t\000e\000m\000a\000t\000i\000k\000a\000i\000\040\000k\000i\000f\000e\000j\000e\000z\000\351\000s\000e\000k}{section.270}% 24
\BOOKMARK [2][-]{subsection.366}{\376\377\000f\000o\000r}{section.270}% 25
\BOOKMARK [2][-]{subsection.440}{\376\377\000i\000f}{section.270}% 26
\BOOKMARK [2][-]{subsection.464}{\376\377\000L\000o\000g\000i\000k\000a\000i\000\040\000m\001\161\000v\000e\000l\000e\000t\000e\000k}{section.270}% 27
\BOOKMARK [2][-]{subsection.496}{\376\377\000L\000o\000g\000i\000k\000a\000i\000\040\000\341\000l\000l\000a\000n\000d\000\363\000k}{section.270}% 28
\BOOKMARK [2][-]{subsection.497}{\376\377\000A\000\040\000t\000e\000s\000t\000\040\000p\000r\000o\000g\000r\000a\000m}{section.270}% 29
\BOOKMARK [2][-]{subsection.548}{\376\377\000w\000h\000i\000l\000e}{section.270}% 30
\BOOKMARK [2][-]{subsection.582}{\376\377\000d\000o\000-\000u\000n\000t\000i\000l}{section.270}% 31
\BOOKMARK [2][-]{subsection.587}{\376\377\000c\000a\000s\000e}{section.270}% 32
\BOOKMARK [2][-]{subsection.619}{\376\377\000V\000\341\000g\000\363\000k\000i\000f\000e\000j\000e\000z\000\351\000s\000e\000k}{section.270}% 33
\BOOKMARK [2][-]{subsection.640}{\376\377\000F\000\374\000g\000g\000v\000\351\000n\000y\000e\000k}{section.270}% 34
\BOOKMARK [2][-]{subsection.669}{\376\377\000T\000\366\000m\000b}{section.270}% 35
\BOOKMARK [1][-]{section.707}{\376\377\000R\000e\000g\000u\000l\000\341\000r\000i\000s\000\040\000k\000i\000f\000e\000j\000e\000z\000\351\000s\000e\000k}{}% 36
\BOOKMARK [2][-]{subsection.708}{\376\377\000E\000l\000e\000m\000i\000\040\000k\000i\000f\000e\000j\000e\000z\000\351\000s\000e\000k}{section.707}% 37
\BOOKMARK [2][-]{subsection.709}{\376\377\000\326\000s\000s\000z\000e\000t\000e\000t\000t\000\040\000k\000i\000f\000e\000j\000e\000z\000\351\000s\000e\000k}{section.707}% 38
\BOOKMARK [2][-]{subsection.710}{\376\377\000g\000r\000e\000p\000\040\000\050\000i\000s\000m\000\351\000t\000\051}{section.707}% 39
\BOOKMARK [2][-]{subsection.711}{\376\377\000P\000\351\000l\000d\000\341\000k}{section.707}% 40
\BOOKMARK [1][-]{section.721}{\376\377\000A\000W\000K}{}% 41
\BOOKMARK [2][-]{subsection.722}{\376\377\000F\000o\000r\000r\000\341\000s\000p\000r\000o\000g\000r\000a\000m\000\040\000f\000e\000l\000\351\000p\000\355\000t\000\351\000s\000e}{section.721}% 42
\BOOKMARK [2][-]{subsection.723}{\376\377\000M\000i\000n\000t\000\341\000k}{section.721}% 43
\BOOKMARK [2][-]{subsection.726}{\376\377\000K\000o\000n\000s\000t\000a\000n\000s\000o\000k}{section.721}% 44
\BOOKMARK [2][-]{subsection.727}{\376\377\000V\000\341\000l\000t\000o\000z\000\363\000k}{section.721}% 45
\BOOKMARK [2][-]{subsection.728}{\376\377\000B\000e\000\351\000p\000\355\000t\000e\000t\000t\000\040\000v\000\341\000l\000t\000o\000z\000\363\000k}{section.721}% 46
\BOOKMARK [2][-]{subsection.729}{\376\377\000M\000e\000z\001\121\000k}{section.721}% 47
\BOOKMARK [2][-]{subsection.736}{\376\377\000T\000\366\000m\000b\000\366\000k}{section.721}% 48
\BOOKMARK [2][-]{subsection.737}{\376\377\000K\000i\000f\000e\000j\000e\000z\000\351\000s\000e\000k\000\040\000f\000e\000l\000\351\000p\000\355\000t\000\351\000s\000e}{section.721}% 49
\BOOKMARK [2][-]{subsection.741}{\376\377\000V\000e\000z\000\351\000r\000l\000\351\000s\000i\000\040\000s\000z\000e\000r\000k\000e\000z\000e\000t\000e\000k}{section.721}% 50
\BOOKMARK [2][-]{subsection.748}{\376\377\000\326\000s\000s\000z\000e\000t\000e\000t\000t\000\040\000p\000\351\000l\000d\000\341\000k}{section.721}% 51
\BOOKMARK [1][-]{section.818}{\376\377\000I\000r\000o\000d\000a\000l\000o\000m}{}% 52
